


ARM Macro Assembler    Page 1 


    1 00000000                 AREA             RESET, DATA, READONLY
    2 00000000                 EXPORT           __Vectors
    3 00000000         __Vectors
    4 00000000 100000FF        DCD              0x100000FF  ; stack pointer val
                                                            ue when stack is em
                                                            pty
    5 00000004 00000000        DCD              Reset_Handler ; reset vector
    6 00000008                 ALIGN
    7 00000008                 AREA             mycode, CODE, READONLY
    8 00000000                 EXPORT           Reset_Handler
    9 00000000                 ENTRY
   10 00000000         Reset_Handler
   11 00000000 4811            LDR              R0,=VALUE
   12 00000002 F04F 0509       MOV              R5,#9
   13 00000006 6801            LDR              R1,[R0]
   14 00000008         
   15 00000008         LOOP
   16 00000008 F850 3B04       LDR              R3,[R0],#4
   17 0000000C 1859            ADDS             R1,R3,R1
   18 0000000E F157 0700       ADCS             R7,#0X0
   19 00000012 3D01            SUBS             R5,#1
   20 00000014 D1F8            BNE              LOOP
   21 00000016 480D            LDR              R0,=RES
   22 00000018 F840 1B04       STR              R1,[R0],#4
   23 0000001C 6007            STR              R7,[R0]
   24 0000001E         
   25 0000001E         STOP
   26 0000001E E7FE            B                STOP
   27 00000020 00000001 
              00000002 
              00000003 
              00000004 
              00000005 
              00000006 
              00000007 
              00000008 
              00000009 
              00000001 VALUE   DCD              0X00000001,0X00000002,0X0000000
3,0X00000004,0X00000005,0X00000006,0X00000007,0X00000008,0X00000009,0X00000001
   28 00000048 00000000 
              00000000         AREA             mydata, DATA, READWRITE
   29 00000000 00000000 
                       RES     DCD              0
   30 00000004                 END
Command Line: --debug --xref --cpu=Cortex-M3 --apcs=interwork --depend=2.d -o2.
o -IC:\Keil\ARM\RV31\INC -IC:\Keil\ARM\CMSIS\Include -IC:\Keil\ARM\Inc\NXP\LPC1
7xx --predefine="__EVAL SETA 1" --list=2.lst 2.s



ARM Macro Assembler    Page 1 Alphabetic symbol ordering
Relocatable symbols

RESET 00000000

Symbol: RESET
   Definitions
      At line 1 in file 2.s
   Uses
      None
Comment: RESET unused
__Vectors 00000000

Symbol: __Vectors
   Definitions
      At line 3 in file 2.s
   Uses
      At line 2 in file 2.s
Comment: __Vectors used once
2 symbols



ARM Macro Assembler    Page 1 Alphabetic symbol ordering
Relocatable symbols

LOOP 00000008

Symbol: LOOP
   Definitions
      At line 15 in file 2.s
   Uses
      At line 20 in file 2.s
Comment: LOOP used once
Reset_Handler 00000000

Symbol: Reset_Handler
   Definitions
      At line 10 in file 2.s
   Uses
      At line 5 in file 2.s
      At line 8 in file 2.s

STOP 0000001E

Symbol: STOP
   Definitions
      At line 25 in file 2.s
   Uses
      At line 26 in file 2.s
Comment: STOP used once
VALUE 00000020

Symbol: VALUE
   Definitions
      At line 27 in file 2.s
   Uses
      At line 11 in file 2.s
Comment: VALUE used once
mycode 00000000

Symbol: mycode
   Definitions
      At line 7 in file 2.s
   Uses
      None
Comment: mycode unused
5 symbols



ARM Macro Assembler    Page 1 Alphabetic symbol ordering
Relocatable symbols

RES 00000000

Symbol: RES
   Definitions
      At line 29 in file 2.s
   Uses
      At line 21 in file 2.s
Comment: RES used once
mydata 00000000

Symbol: mydata
   Definitions
      At line 28 in file 2.s
   Uses
      None
Comment: mydata unused
2 symbols
342 symbols in table
