


ARM Macro Assembler    Page 1 


    1 00000000                 AREA             RESET, DATA, READONLY
    2 00000000                 EXPORT           __Vectors
    3 00000000         __Vectors
    4 00000000 10001000        DCD              0x10001000  ; stack pointer val
                                                            ue when stack is em
                                                            pty
    5 00000004 00000000        DCD              Reset_Handler ; reset vector
    6 00000008                 ALIGN
    7 00000008                 AREA             mycode, CODE, READONLY
    8 00000000                 ENTRY
    9 00000000                 EXPORT           Reset_Handler
   10 00000000         Reset_Handler
   11 00000000 4B08            LDR              R3,=N1
   12 00000002 4C09            LDR              R4,=N2
   13 00000004 6818            LDR              R0, [R3]
   14 00000006 6821            LDR              R1, [R4]
   15 00000008 4A08            LDR              R2,=RES
   16 0000000A         LOOP
   17 0000000A 4288            CMP              R0,R1
   18 0000000C D201            BCS              DOWN
   19 0000000E 1A09            SUBS             R1,R1,R0
   20 00000010 E000            B                EXIT
   21 00000012         DOWN
   22 00000012 1A40            SUBS             R0,R0,R1
   23 00000014         EXIT
   24 00000014 4288            CMP              R0,R1
   25 00000016 D1F8            BNE              LOOP
   26 00000018 6010            STR              R0,[R2]
   27 0000001A         STOP
   28 0000001A E7FE            B                STOP
   29 0000001C 00000002 
                       N1      DCD              0X00000002
   30 00000020 00000003 
                       N2      DCD              0X00000003
   31 00000024 00000000 
              00000000 
              00000000         AREA             mydata, DATA, READWRITE
   32 00000000 00000000 
                       RES     DCD              0
   33 00000004                 END
Command Line: --debug --xref --cpu=Cortex-M3 --apcs=interwork --depend=4.d -o4.
o -IC:\Keil\ARM\RV31\INC -IC:\Keil\ARM\CMSIS\Include -IC:\Keil\ARM\Inc\NXP\LPC1
7xx --predefine="__EVAL SETA 1" --list=4.lst 4.s



ARM Macro Assembler    Page 1 Alphabetic symbol ordering
Relocatable symbols

RESET 00000000

Symbol: RESET
   Definitions
      At line 1 in file 4.s
   Uses
      None
Comment: RESET unused
__Vectors 00000000

Symbol: __Vectors
   Definitions
      At line 3 in file 4.s
   Uses
      At line 2 in file 4.s
Comment: __Vectors used once
2 symbols



ARM Macro Assembler    Page 1 Alphabetic symbol ordering
Relocatable symbols

DOWN 00000012

Symbol: DOWN
   Definitions
      At line 21 in file 4.s
   Uses
      At line 18 in file 4.s
Comment: DOWN used once
EXIT 00000014

Symbol: EXIT
   Definitions
      At line 23 in file 4.s
   Uses
      At line 20 in file 4.s
Comment: EXIT used once
LOOP 0000000A

Symbol: LOOP
   Definitions
      At line 16 in file 4.s
   Uses
      At line 25 in file 4.s
Comment: LOOP used once
N1 0000001C

Symbol: N1
   Definitions
      At line 29 in file 4.s
   Uses
      At line 11 in file 4.s
Comment: N1 used once
N2 00000020

Symbol: N2
   Definitions
      At line 30 in file 4.s
   Uses
      At line 12 in file 4.s
Comment: N2 used once
Reset_Handler 00000000

Symbol: Reset_Handler
   Definitions
      At line 10 in file 4.s
   Uses
      At line 5 in file 4.s
      At line 9 in file 4.s

STOP 0000001A

Symbol: STOP
   Definitions
      At line 27 in file 4.s
   Uses
      At line 28 in file 4.s
Comment: STOP used once
mycode 00000000




ARM Macro Assembler    Page 2 Alphabetic symbol ordering
Relocatable symbols

Symbol: mycode
   Definitions
      At line 7 in file 4.s
   Uses
      None
Comment: mycode unused
8 symbols



ARM Macro Assembler    Page 1 Alphabetic symbol ordering
Relocatable symbols

RES 00000000

Symbol: RES
   Definitions
      At line 32 in file 4.s
   Uses
      At line 15 in file 4.s
Comment: RES used once
mydata 00000000

Symbol: mydata
   Definitions
      At line 31 in file 4.s
   Uses
      None
Comment: mydata unused
2 symbols
345 symbols in table
