


ARM Macro Assembler    Page 1 


    1 00000000                 AREA             RESET, DATA, READONLY
    2 00000000                 EXPORT           __Vectors
    3 00000000         __Vectors
    4 00000000 10001000        DCD              0x10001000  ; stack pointer val
                                                            ue when stack is em
                                                            pty
    5 00000004 00000000        DCD              Reset_Handler ; reset vector
    6 00000008                 ALIGN
    7 00000008                 AREA             mycode, CODE, READONLY
    8 00000000                 ENTRY
    9 00000000                 EXPORT           Reset_Handler
   10 00000000         Reset_Handler
   11 00000000 4B10            LDR              R3,=N1
   12 00000002 4C11            LDR              R4,=N2
   13 00000004 F8DF 8044       LDR              R8,=N3
   14 00000008 4A11            LDR              R2,=RES
   15 0000000A 6818            LDR              R0, [R3]
   16 0000000C 6821            LDR              R1, [R4]
   17 0000000E F8D8 5000       LDR              R5,[R8]
   18 00000012         
   19 00000012         LOOP
   20 00000012 FB05 F600       MUL              R6,R5,R0
   21 00000016 FBB6 F9F1       UDIV             R9,R6,R1
   22 0000001A FB09 F701       MUL              R7,R9,R1
   23 0000001E EBA7 0609       SUB              R6,R7,R9
   24 00000022 2E00            CMP              R6,#0
   25 00000024 D100            BNE              DOWN
   26 00000026 E000            B                EXIT
   27 00000028         DOWN
   28 00000028 1C6D            ADDS             R5,R5,#1
   29 0000002A         EXIT
   30 0000002A 2E00            CMP              R6,#0
   31 0000002C D1F1            BNE              LOOP
   32 0000002E FB00 F005       MUL              R0,R0,R5
   33 00000032 6010            STR              R0,[R2]
   34 00000034         STOP
   35 00000034 E7FE            B                STOP
   36 00000036 00 00 00000003 
                       N1      DCD              0X00000003
   37 0000003C 00000002 
                       N2      DCD              0X00000002
   38 00000040 00000001 
                       N3      DCD              0X00000001
   39 00000044 00000000 
              00000000 
              00000000 
              00000000         AREA             mydata, DATA, READWRITE
   40 00000000 00000000 
                       RES     DCD              0
   41 00000004                 END
Command Line: --debug --xref --cpu=Cortex-M3 --apcs=interwork --depend=5.d -o5.
o -IC:\Keil\ARM\RV31\INC -IC:\Keil\ARM\CMSIS\Include -IC:\Keil\ARM\Inc\NXP\LPC1
7xx --predefine="__EVAL SETA 1" --list=5.lst 5.s



ARM Macro Assembler    Page 1 Alphabetic symbol ordering
Relocatable symbols

RESET 00000000

Symbol: RESET
   Definitions
      At line 1 in file 5.s
   Uses
      None
Comment: RESET unused
__Vectors 00000000

Symbol: __Vectors
   Definitions
      At line 3 in file 5.s
   Uses
      At line 2 in file 5.s
Comment: __Vectors used once
2 symbols



ARM Macro Assembler    Page 1 Alphabetic symbol ordering
Relocatable symbols

DOWN 00000028

Symbol: DOWN
   Definitions
      At line 27 in file 5.s
   Uses
      At line 25 in file 5.s
Comment: DOWN used once
EXIT 0000002A

Symbol: EXIT
   Definitions
      At line 29 in file 5.s
   Uses
      At line 26 in file 5.s
Comment: EXIT used once
LOOP 00000012

Symbol: LOOP
   Definitions
      At line 19 in file 5.s
   Uses
      At line 31 in file 5.s
Comment: LOOP used once
N1 00000038

Symbol: N1
   Definitions
      At line 36 in file 5.s
   Uses
      At line 11 in file 5.s
Comment: N1 used once
N2 0000003C

Symbol: N2
   Definitions
      At line 37 in file 5.s
   Uses
      At line 12 in file 5.s
Comment: N2 used once
N3 00000040

Symbol: N3
   Definitions
      At line 38 in file 5.s
   Uses
      At line 13 in file 5.s
Comment: N3 used once
Reset_Handler 00000000

Symbol: Reset_Handler
   Definitions
      At line 10 in file 5.s
   Uses
      At line 5 in file 5.s
      At line 9 in file 5.s

STOP 00000034




ARM Macro Assembler    Page 2 Alphabetic symbol ordering
Relocatable symbols

Symbol: STOP
   Definitions
      At line 34 in file 5.s
   Uses
      At line 35 in file 5.s
Comment: STOP used once
mycode 00000000

Symbol: mycode
   Definitions
      At line 7 in file 5.s
   Uses
      None
Comment: mycode unused
9 symbols



ARM Macro Assembler    Page 1 Alphabetic symbol ordering
Relocatable symbols

RES 00000000

Symbol: RES
   Definitions
      At line 40 in file 5.s
   Uses
      At line 14 in file 5.s
Comment: RES used once
mydata 00000000

Symbol: mydata
   Definitions
      At line 39 in file 5.s
   Uses
      None
Comment: mydata unused
2 symbols
346 symbols in table
