


ARM Macro Assembler    Page 1 


    1 00000000                 AREA             RESET, DATA, READONLY
    2 00000000                 EXPORT           __Vectors
    3 00000000         __Vectors
    4 00000000 10001000        DCD              0x10001000  ; stack pointer val
                                                            ue when stack is em
                                                            pty
    5 00000004 00000000        DCD              Reset_Handler ; reset vector
    6 00000008                 ALIGN
    7 00000008                 AREA             mycode, CODE, READONLY
    8 00000000                 ENTRY
    9 00000000                 EXPORT           Reset_Handler
   10 00000000         Reset_Handler
   11 00000000 480F            LDR              R0, =N
   12 00000002 4910            LDR              R1, =DST
   13 00000004 7802            LDRB             R2, [R0]
   14 00000006 F04F 0300       MOV              R3,#0
   15 0000000A F04F 040A       MOV              R4,#10
   16 0000000E F04F 0730       MOV              R7,#0x30
   17 00000012 42A2    loop    CMP              R2,R4
   18 00000014 DB04            BLT              exitDiv
   19 00000016 EBA2 0204       SUB              R2,R4
   20 0000001A F103 0301       ADD              R3,#1
   21 0000001E E7F8            B                loop
   22 00000020 2B00    exitDiv CMP              R3, #0
   23 00000022 D007            BEQ              exit
   24 00000024 EB02 0507       ADD              R5, R2, R7
   25 00000028 461A            MOV              R2, R3
   26 0000002A F04F 0300       MOV              R3,#0
   27 0000002E F841 5B01       STR              R5, [R1], #1
   28 00000032 E7EE            B                loop
   29 00000034 EB02 0507 
                       exit    ADD              R5,R2,R7
   30 00000038 600D            STR              R5, [R1]
   31 0000003A         STOP
   32 0000003A E7FE            B                STOP
   33 0000003C 00000039 
                       N       DCD              0x39
   34 00000040 00000000 
              00000000         AREA             mydata, DATA, READWRITE
   35 00000000 00000001 
                       DST     DCD              1           ;DST location in da
                                                            ta memory
   36 00000004                 END
Command Line: --debug --xref --cpu=Cortex-M3 --apcs=interwork --depend=1.d -o1.
o -IC:\Keil\ARM\RV31\INC -IC:\Keil\ARM\CMSIS\Include -IC:\Keil\ARM\Inc\NXP\LPC1
7xx --predefine="__EVAL SETA 1" --list=1.lst 1.s



ARM Macro Assembler    Page 1 Alphabetic symbol ordering
Relocatable symbols

RESET 00000000

Symbol: RESET
   Definitions
      At line 1 in file 1.s
   Uses
      None
Comment: RESET unused
__Vectors 00000000

Symbol: __Vectors
   Definitions
      At line 3 in file 1.s
   Uses
      At line 2 in file 1.s
Comment: __Vectors used once
2 symbols



ARM Macro Assembler    Page 1 Alphabetic symbol ordering
Relocatable symbols

N 0000003C

Symbol: N
   Definitions
      At line 33 in file 1.s
   Uses
      At line 11 in file 1.s
Comment: N used once
Reset_Handler 00000000

Symbol: Reset_Handler
   Definitions
      At line 10 in file 1.s
   Uses
      At line 5 in file 1.s
      At line 9 in file 1.s

STOP 0000003A

Symbol: STOP
   Definitions
      At line 31 in file 1.s
   Uses
      At line 32 in file 1.s
Comment: STOP used once
exit 00000034

Symbol: exit
   Definitions
      At line 29 in file 1.s
   Uses
      At line 23 in file 1.s
Comment: exit used once
exitDiv 00000020

Symbol: exitDiv
   Definitions
      At line 22 in file 1.s
   Uses
      At line 18 in file 1.s
Comment: exitDiv used once
loop 00000012

Symbol: loop
   Definitions
      At line 17 in file 1.s
   Uses
      At line 21 in file 1.s
      At line 28 in file 1.s

mycode 00000000

Symbol: mycode
   Definitions
      At line 7 in file 1.s
   Uses
      None
Comment: mycode unused
7 symbols



ARM Macro Assembler    Page 1 Alphabetic symbol ordering
Relocatable symbols

DST 00000000

Symbol: DST
   Definitions
      At line 35 in file 1.s
   Uses
      At line 12 in file 1.s
Comment: DST used once
mydata 00000000

Symbol: mydata
   Definitions
      At line 34 in file 1.s
   Uses
      None
Comment: mydata unused
2 symbols
344 symbols in table
