


ARM Macro Assembler    Page 1 


    1 00000000                 AREA             RESET, DATA, READONLY
    2 00000000                 EXPORT           __Vectors
    3 00000000         __Vectors
    4 00000000 10001000        DCD              0x10001000  ; stack pointer val
                                                            ue when stack is em
                                                            pty
    5 00000004 00000000        DCD              Reset_Handler ; reset vector
    6 00000008                 ALIGN
    7 00000008                 AREA             mycode, CODE, READONLY
    8 00000000                 ENTRY
    9 00000000                 EXPORT           Reset_Handler
   10 00000000         Reset_Handler
   11 00000000 4808            LDR              R0,=N1
   12 00000002 6801            LDR              R1,[R0]
   13 00000004 F001 020F       AND              R2,R1,#0X0F
   14 00000008 F001 03F0       AND              R3,R1,#0XF0
   15 0000000C EA4F 1313       LSR              R3,#4
   16 00000010 F04F 050A       MOV              R5,#10
   17 00000014 FB03 2305       MLA              R3,R3,R5,R2
   18 00000018 4803            LDR              R0,=RES
   19 0000001A 6003            STR              R3,[R0]
   20 0000001C         
   21 0000001C         STOP
   22 0000001C E7FE            B                STOP
   23 0000001E 00 00 00000079 
                       N1      DCD              0X79
   24 00000024 00000000 
              00000000         AREA             mydata, DATA, READWRITE
   25 00000000 00000000 
                       RES     DCD              0
   26 00000004                 END
Command Line: --debug --xref --cpu=Cortex-M3 --apcs=interwork --depend=2.d -o2.
o -IC:\Keil\ARM\RV31\INC -IC:\Keil\ARM\CMSIS\Include -IC:\Keil\ARM\Inc\NXP\LPC1
7xx --predefine="__EVAL SETA 1" --list=2.lst 2.s



ARM Macro Assembler    Page 1 Alphabetic symbol ordering
Relocatable symbols

RESET 00000000

Symbol: RESET
   Definitions
      At line 1 in file 2.s
   Uses
      None
Comment: RESET unused
__Vectors 00000000

Symbol: __Vectors
   Definitions
      At line 3 in file 2.s
   Uses
      At line 2 in file 2.s
Comment: __Vectors used once
2 symbols



ARM Macro Assembler    Page 1 Alphabetic symbol ordering
Relocatable symbols

N1 00000020

Symbol: N1
   Definitions
      At line 23 in file 2.s
   Uses
      At line 11 in file 2.s
Comment: N1 used once
Reset_Handler 00000000

Symbol: Reset_Handler
   Definitions
      At line 10 in file 2.s
   Uses
      At line 5 in file 2.s
      At line 9 in file 2.s

STOP 0000001C

Symbol: STOP
   Definitions
      At line 21 in file 2.s
   Uses
      At line 22 in file 2.s
Comment: STOP used once
mycode 00000000

Symbol: mycode
   Definitions
      At line 7 in file 2.s
   Uses
      None
Comment: mycode unused
4 symbols



ARM Macro Assembler    Page 1 Alphabetic symbol ordering
Relocatable symbols

RES 00000000

Symbol: RES
   Definitions
      At line 25 in file 2.s
   Uses
      At line 18 in file 2.s
Comment: RES used once
mydata 00000000

Symbol: mydata
   Definitions
      At line 24 in file 2.s
   Uses
      None
Comment: mydata unused
2 symbols
341 symbols in table
