


ARM Macro Assembler    Page 1 


    1 00000000                 AREA             RESET, DATA, READONLY
    2 00000000                 EXPORT           __Vectors
    3 00000000         __Vectors
    4 00000000 10001000        DCD              0x10001000  ; stack pointer val
                                                            ue when stack is em
                                                            pty
    5 00000004 00000000        DCD              Reset_Handler ; reset vector
    6 00000008                 ALIGN
    7 00000008                 AREA             mycode, CODE, READONLY
    8 00000000                 ENTRY
    9 00000000                 EXPORT           Reset_Handler
   10 00000000         Reset_Handler
   11 00000000 4812            LDR              R0, =ARR
   12 00000002 F04F 0100       MOV              R1, #0      ;loop counter i
   13 00000006 F100 0724       ADD              R7, R0, #36 ;index for last ele
                                                            ment
   14 0000000A         
   15 0000000A         ;storing data in array (10 to 1 descending order)
   16 0000000A F04F 090A       MOV              R9, #10
   17 0000000E F840 9B04 
                       loop    STR              R9, [R0], #4
   18 00000012 F1B9 0901       SUBS             R9, #1
   19 00000016 D1FA            BNE              loop
   20 00000018 480C            LDR              R0, =ARR
   21 0000001A         
   22 0000001A 6803    loopI   LDR              R3, [R0]
   23 0000001C 4604            MOV              R4, R0
   24 0000001E 4606            MOV              R6, R0
   25 00000020 F106 0604 
                       loopJ   ADD              R6, #4
   26 00000024 42BE            CMP              R6, R7
   27 00000026 DC05            BGT              exitloopJ
   28 00000028 6835            LDR              R5, [R6]
   29 0000002A 429D            CMP              R5, R3
   30 0000002C DC01            BGT              skip
   31 0000002E 462B            MOV              R3, R5
   32 00000030 4634            MOV              R4, R6
   33 00000032 E7F5    skip    B                loopJ
   34 00000034 F8D0 8000 
                       exitloopJ
                               LDR              R8, [R0]
   35 00000038 6003            STR              R3, [R0]
   36 0000003A F8C4 8000       STR              R8, [R4]
   37 0000003E F100 0004       ADD              R0, #4
   38 00000042 42B8            CMP              R0, R7
   39 00000044 D000            BEQ              STOP
   40 00000046 E7E8            B                loopI
   41 00000048 E7FE    STOP    B                STOP
   42 0000004A 00 00 00000000 
              00000000         AREA             mydata, DATA, READWRITE
   43 00000000 00000001 
                       ARR     DCD              1
   44 00000004                 END
Command Line: --debug --xref --cpu=Cortex-M3 --apcs=interwork --depend=1.d -o1.
o -IC:\Keil\ARM\RV31\INC -IC:\Keil\ARM\CMSIS\Include -IC:\Keil\ARM\Inc\NXP\LPC1
7xx --predefine="__EVAL SETA 1" --list=1.lst 1.s



ARM Macro Assembler    Page 1 Alphabetic symbol ordering
Relocatable symbols

RESET 00000000

Symbol: RESET
   Definitions
      At line 1 in file 1.s
   Uses
      None
Comment: RESET unused
__Vectors 00000000

Symbol: __Vectors
   Definitions
      At line 3 in file 1.s
   Uses
      At line 2 in file 1.s
Comment: __Vectors used once
2 symbols



ARM Macro Assembler    Page 1 Alphabetic symbol ordering
Relocatable symbols

Reset_Handler 00000000

Symbol: Reset_Handler
   Definitions
      At line 10 in file 1.s
   Uses
      At line 5 in file 1.s
      At line 9 in file 1.s

STOP 00000048

Symbol: STOP
   Definitions
      At line 41 in file 1.s
   Uses
      At line 39 in file 1.s
      At line 41 in file 1.s

exitloopJ 00000034

Symbol: exitloopJ
   Definitions
      At line 34 in file 1.s
   Uses
      At line 27 in file 1.s
Comment: exitloopJ used once
loop 0000000E

Symbol: loop
   Definitions
      At line 17 in file 1.s
   Uses
      At line 19 in file 1.s
Comment: loop used once
loopI 0000001A

Symbol: loopI
   Definitions
      At line 22 in file 1.s
   Uses
      At line 40 in file 1.s
Comment: loopI used once
loopJ 00000020

Symbol: loopJ
   Definitions
      At line 25 in file 1.s
   Uses
      At line 33 in file 1.s
Comment: loopJ used once
mycode 00000000

Symbol: mycode
   Definitions
      At line 7 in file 1.s
   Uses
      None
Comment: mycode unused
skip 00000032



ARM Macro Assembler    Page 2 Alphabetic symbol ordering
Relocatable symbols


Symbol: skip
   Definitions
      At line 33 in file 1.s
   Uses
      At line 30 in file 1.s
Comment: skip used once
8 symbols



ARM Macro Assembler    Page 1 Alphabetic symbol ordering
Relocatable symbols

ARR 00000000

Symbol: ARR
   Definitions
      At line 43 in file 1.s
   Uses
      At line 11 in file 1.s
      At line 20 in file 1.s

mydata 00000000

Symbol: mydata
   Definitions
      At line 42 in file 1.s
   Uses
      None
Comment: mydata unused
2 symbols
345 symbols in table
