


ARM Macro Assembler    Page 1 


    1 00000000                 AREA             RESET, DATA, READONLY
    2 00000000                 EXPORT           __Vectors
    3 00000000         
    4 00000000         __Vectors
    5 00000000 100000FF        DCD              0x100000FF  ; stack pointer val
                                                            ue when stack is em
                                                            pty
    6 00000004 00000000        DCD              Reset_Handler ; reset vector
    7 00000008         
    8 00000008                 ALIGN
    9 00000008         
   10 00000008                 AREA             mycode, CODE, READONLY
   11 00000000                 EXPORT           Reset_Handler
   12 00000000                 ENTRY
   13 00000000         Reset_Handler
   14 00000000         
   15 00000000 480A            LDR              R0,=SRC
   16 00000002 490B            LDR              R1,=DST
   17 00000004 F04F 020A       MOV              R2,#10
   18 00000008         
   19 00000008         LOOP
   20 00000008 F850 3B04       LDR              R3,[R0],#04
   21 0000000C F841 3B04       STR              R3,[R1],#04
   22 00000010 3A01            SUBS             R2,#1
   23 00000012 D1F9            BNE              LOOP
   24 00000014         
   25 00000014         STOP
   26 00000014 E7FE            B                STOP
   27 00000016         
   28 00000016 00 00 00000001 
              00000002 
              00000003 
              00000004 
              00000005 SRC     DCD              0x00000001,0x00000002,0x0000000
3,0x00000004,0x00000005
   29 0000002C 00000000 
              00000000         AREA             mydata, DATA, READWRITE
   30 00000000 00000000 
              00000000 
              00000000 
              00000000 
              00000000 DST     DCD              0,0,0,0,0
   31 00000014                 END
Command Line: --debug --xref --cpu=Cortex-M3 --apcs=interwork --depend=1.d -o1.
o -IC:\Keil\ARM\RV31\INC -IC:\Keil\ARM\CMSIS\Include -IC:\Keil\ARM\Inc\NXP\LPC1
7xx --predefine="__EVAL SETA 1" --list=1.lst 1.s



ARM Macro Assembler    Page 1 Alphabetic symbol ordering
Relocatable symbols

RESET 00000000

Symbol: RESET
   Definitions
      At line 1 in file 1.s
   Uses
      None
Comment: RESET unused
__Vectors 00000000

Symbol: __Vectors
   Definitions
      At line 4 in file 1.s
   Uses
      At line 2 in file 1.s
Comment: __Vectors used once
2 symbols



ARM Macro Assembler    Page 1 Alphabetic symbol ordering
Relocatable symbols

LOOP 00000008

Symbol: LOOP
   Definitions
      At line 19 in file 1.s
   Uses
      At line 23 in file 1.s
Comment: LOOP used once
Reset_Handler 00000000

Symbol: Reset_Handler
   Definitions
      At line 13 in file 1.s
   Uses
      At line 6 in file 1.s
      At line 11 in file 1.s

SRC 00000018

Symbol: SRC
   Definitions
      At line 28 in file 1.s
   Uses
      At line 15 in file 1.s
Comment: SRC used once
STOP 00000014

Symbol: STOP
   Definitions
      At line 25 in file 1.s
   Uses
      At line 26 in file 1.s
Comment: STOP used once
mycode 00000000

Symbol: mycode
   Definitions
      At line 10 in file 1.s
   Uses
      None
Comment: mycode unused
5 symbols



ARM Macro Assembler    Page 1 Alphabetic symbol ordering
Relocatable symbols

DST 00000000

Symbol: DST
   Definitions
      At line 30 in file 1.s
   Uses
      At line 16 in file 1.s
Comment: DST used once
mydata 00000000

Symbol: mydata
   Definitions
      At line 29 in file 1.s
   Uses
      None
Comment: mydata unused
2 symbols
342 symbols in table
