


ARM Macro Assembler    Page 1 


    1 00000000                 AREA             RESET, DATA, READONLY
    2 00000000                 EXPORT           __Vectors
    3 00000000         
    4 00000000         __Vectors
    5 00000000 100000FF        DCD              0x100000FF  ; stack pointer val
                                                            ue when stack is em
                                                            pty
    6 00000004 00000000        DCD              Reset_Handler ; reset vector
    7 00000008         
    8 00000008                 ALIGN
    9 00000008         
   10 00000008                 AREA             mycode, CODE, READONLY
   11 00000000                 EXPORT           Reset_Handler
   12 00000000                 ENTRY
   13 00000000         Reset_Handler
   14 00000000         
   15 00000000 4816            LDR              R0, =SRC
   16 00000002 F100 0024       ADD              R0, #36
   17 00000006 4915            LDR              R1, =SRC
   18 00000008 F101 0138       ADD              R1, #56
   19 0000000C F04F 020A       MOV              R2, #10
   20 00000010         LOOP
   21 00000010 F850 3904       LDR              R3,[R0],#-4
   22 00000014 F841 3904       STR              R3,[R1],#-4
   23 00000018 3A01            SUBS             R2, #01
   24 0000001A D1F9            BNE              LOOP
   25 0000001C         
   26 0000001C         STOP
   27 0000001C E7FE            B                STOP
   28 0000001E 00 00 11111111 
              22222222 
              33333333 
              44444444 
              55555555 
              66666666 
              77777777 
              88888888 
              99999999 
              AAAAAAAA 
              00000000 
              00000000 
              00000000 
              00000000 
              00000000 SRC     DCD              0X11111111, 0X22222222, 0X33333
333, 0X44444444, 0X55555555, 0X66666666, 0X77777777, 0X88888888, 0X99999999, 0X
AAAAAAAA, 0, 0, 0, 0, 0
   29 0000005C                 END
              00000000 
              00000000 
Command Line: --debug --xref --cpu=Cortex-M3 --apcs=interwork --depend=1b.d -o1
b.o -IC:\Keil\ARM\RV31\INC -IC:\Keil\ARM\CMSIS\Include -IC:\Keil\ARM\Inc\NXP\LP
C17xx --predefine="__EVAL SETA 1" --list=1b.lst 1b.s



ARM Macro Assembler    Page 1 Alphabetic symbol ordering
Relocatable symbols

RESET 00000000

Symbol: RESET
   Definitions
      At line 1 in file 1b.s
   Uses
      None
Comment: RESET unused
__Vectors 00000000

Symbol: __Vectors
   Definitions
      At line 4 in file 1b.s
   Uses
      At line 2 in file 1b.s
Comment: __Vectors used once
2 symbols



ARM Macro Assembler    Page 1 Alphabetic symbol ordering
Relocatable symbols

LOOP 00000010

Symbol: LOOP
   Definitions
      At line 20 in file 1b.s
   Uses
      At line 24 in file 1b.s
Comment: LOOP used once
Reset_Handler 00000000

Symbol: Reset_Handler
   Definitions
      At line 13 in file 1b.s
   Uses
      At line 6 in file 1b.s
      At line 11 in file 1b.s

SRC 00000020

Symbol: SRC
   Definitions
      At line 28 in file 1b.s
   Uses
      At line 15 in file 1b.s
      At line 17 in file 1b.s

STOP 0000001C

Symbol: STOP
   Definitions
      At line 26 in file 1b.s
   Uses
      At line 27 in file 1b.s
Comment: STOP used once
mycode 00000000

Symbol: mycode
   Definitions
      At line 10 in file 1b.s
   Uses
      None
Comment: mycode unused
5 symbols
340 symbols in table
